<?xml version="1.0" encoding="UTF-8"?>
<!-- Generated by org.testng.reporters.JUnitXMLReporter -->
<testsuite hostname="TYSS" ignored="1" name="Default test" tests="1" failures="0" timestamp="2020-07-14T07:16:39 IST" time="19.866" errors="0">
  <testcase name="testSortListBox" time="11.815" classname="scripts.TestScripts"/>
  <testcase name="testCreateEmployee" time="0.0" classname="scripts.TestScripts">
    <ignored/>
  </testcase> <!-- testCreateEmployee -->
</testsuite> <!-- Default test -->
